

Version:	3.50
CmdLine:	C:\Users\karim\Documents\ProjetDev\Java\moviesManager\Distrib\Movies Manager.exe --l4j-debug
JNI:		No
WOW64:		Yes
Working dir:	C:\Users\karim\Documents\ProjetDev\Java\moviesManager\Distrib\.
Requires JDK:	No
Requires 64-Bit: No
Java min ver:	
Java max ver:	
Substitute:	JAVA_HOME = 
Substitute:	PATH = C:\Program Files\Common Files\Oracle\Java\javapath;C:\Program Files (x86)\Common Files\Oracle\Java\java8path;C:\Program Files (x86)\Common Files\Oracle\Java\javapath;C:\WINDOWS\system32;C:\WINDOWS;C:\WINDOWS\System32\Wbem;C:\WINDOWS\System32\WindowsPowerShell\v1.0\;C:\WINDOWS\System32\OpenSSH\;C:\Program Files\NVIDIA Corporation\NVIDIA NvDLISR;C:\Program Files\dotnet\;C:\Program Files (x86)\NVIDIA Corporation\PhysX\Common;C:\ProgramData\ComposerSetup\bin;C:\wamp64\bin\php\php8.3.0\;C:\Program Files\nodejs\;C:\Program Files (x86)\Windows Kits\10\Windows Performance Toolkit\;C:\Program Files\Git\cmd;;C:\WINDOWS\system32;C:\WINDOWS;C:\WINDOWS\System32\Wbem;C:\WINDOWS\System32\WindowsPowerShell\v1.0\;C:\WINDOWS\System32\OpenSSH\;C:\Users\karim\scoop\shims;C:\Users\karim\AppData\Local\Programs\Python\Python311\Scripts\;C:\Users\karim\AppData\Local\Programs\Python\Python311\;C:\Users\karim\AppData\Local\Microsoft\WindowsApps;C:\Users\karim\AppData\Local\atom\bin;C:\Users\karim\AppData\Local\GitHubDesktop\bin;C:\Users\karim\AppData\Local\ComposerSetup\bin;C:\Users\karim\AppData\Roaming\Composer\vendor\bin;C:\Users\karim\AppData\Roaming\npm;C:\Users\karim\AppData\Local\Microsoft\WinGet\Packages\Schniz.fnm_Microsoft.Winget.Source_8wekyb3d8bbwe;C:\Users\karim\AppData\Local\Programs\Microsoft VS Code\bin;C:\Users\karim\AppData\Local\JetBrains\Toolbox\scripts;;%USERPROFILE%\AppData\Local\Microsoft\WindowsApps;C:\Program Files\Java\jre1.8.0_441\bin
JRE paths:	;C:\Program Files\Common Files\Oracle\Java\javapath;C:\Program Files (x86)\Common Files\Oracle\Java\java8path;C:\Program Files (x86)\Common Files\Oracle\Java\javapath;C:\WINDOWS\system32;C:\WINDOWS;C:\WINDOWS\System32\Wbem;C:\WINDOWS\System32\WindowsPowerShell\v1.0\;C:\WINDOWS\System32\OpenSSH\;C:\Program Files\NVIDIA Corporation\NVIDIA NvDLISR;C:\Program Files\dotnet\;C:\Program Files (x86)\NVIDIA Corporation\PhysX\Common;C:\ProgramData\ComposerSetup\bin;C:\wamp64\bin\php\php8.3.0\;C:\Program Files\nodejs\;C:\Program Files (x86)\Windows Kits\10\Windows Performance Toolkit\;C:\Program Files\Git\cmd;;C:\WINDOWS\system32;C:\WINDOWS;C:\WINDOWS\System32\Wbem;C:\WINDOWS\System32\WindowsPowerShell\v1.0\;C:\WINDOWS\System32\OpenSSH\;C:\Users\karim\scoop\shims;C:\Users\karim\AppData\Local\Programs\Python\Python311\Scripts\;C:\Users\karim\AppData\Local\Programs\Python\Python311\;C:\Users\karim\AppData\Local\Microsoft\WindowsApps;C:\Users\karim\AppData\Local\atom\bin;C:\Users\karim\AppData\Local\GitHubDesktop\bin;C:\Users\karim\AppData\Local\ComposerSetup\bin;C:\Users\karim\AppData\Roaming\Composer\vendor\bin;C:\Users\karim\AppData\Roaming\npm;C:\Users\karim\AppData\Local\Microsoft\WinGet\Packages\Schniz.fnm_Microsoft.Winget.Source_8wekyb3d8bbwe;C:\Users\karim\AppData\Local\Programs\Microsoft VS Code\bin;C:\Users\karim\AppData\Local\JetBrains\Toolbox\scripts;;%USERPROFILE%\AppData\Local\Microsoft\WindowsApps;C:\Program Files\Java\jre1.8.0_441\bin
Check launcher:	C:\Program Files\Common Files\Oracle\Java\javapath\bin\javaw.exe (not found)
Check launcher:	C:\Program Files (x86)\Common Files\Oracle\Java\java8path\bin\javaw.exe (not found)
Check launcher:	C:\Program Files (x86)\Common Files\Oracle\Java\javapath\bin\javaw.exe (not found)
Check launcher:	C:\WINDOWS\system32\bin\javaw.exe (not found)
Check launcher:	C:\WINDOWS\bin\javaw.exe (not found)
Check launcher:	C:\WINDOWS\System32\Wbem\bin\javaw.exe (not found)
Check launcher:	C:\WINDOWS\System32\WindowsPowerShell\v1.0\bin\javaw.exe (not found)
Check launcher:	C:\WINDOWS\System32\OpenSSH\bin\javaw.exe (not found)
Check launcher:	C:\Program Files\NVIDIA Corporation\NVIDIA NvDLISR\bin\javaw.exe (not found)
Check launcher:	C:\Program Files\dotnet\bin\javaw.exe (not found)
Check launcher:	C:\Program Files (x86)\NVIDIA Corporation\PhysX\Common\bin\javaw.exe (not found)
Check launcher:	C:\ProgramData\ComposerSetup\bin\javaw.exe (not found)
Check launcher:	C:\wamp64\bin\php\php8.3.0\bin\javaw.exe (not found)
Check launcher:	C:\Program Files\nodejs\bin\javaw.exe (not found)
Check launcher:	C:\Program Files (x86)\Windows Kits\10\Windows Performance Toolkit\bin\javaw.exe (not found)
Check launcher:	C:\Program Files\Git\cmd\bin\javaw.exe (not found)
Check launcher:	C:\WINDOWS\system32\bin\javaw.exe (not found)
Check launcher:	C:\WINDOWS\bin\javaw.exe (not found)
Check launcher:	C:\WINDOWS\System32\Wbem\bin\javaw.exe (not found)
Check launcher:	C:\WINDOWS\System32\WindowsPowerShell\v1.0\bin\javaw.exe (not found)
Check launcher:	C:\WINDOWS\System32\OpenSSH\bin\javaw.exe (not found)
Check launcher:	C:\Users\karim\scoop\shims\bin\javaw.exe (not found)
Check launcher:	C:\Users\karim\AppData\Local\Programs\Python\Python311\Scripts\bin\javaw.exe (not found)
Check launcher:	C:\Users\karim\AppData\Local\Programs\Python\Python311\bin\javaw.exe (not found)
Check launcher:	C:\Users\karim\AppData\Local\Microsoft\WindowsApps\bin\javaw.exe (not found)
Check launcher:	C:\Users\karim\AppData\Local\atom\bin\javaw.exe (not found)
Check launcher:	C:\Users\karim\AppData\Local\GitHubDesktop\bin\javaw.exe (not found)
Check launcher:	C:\Users\karim\AppData\Local\ComposerSetup\bin\javaw.exe (not found)
Check launcher:	C:\Users\karim\AppData\Roaming\Composer\vendor\bin\javaw.exe (not found)
Check launcher:	C:\Users\karim\AppData\Roaming\npm\bin\javaw.exe (not found)
Check launcher:	C:\Users\karim\AppData\Local\Microsoft\WinGet\Packages\Schniz.fnm_Microsoft.Winget.Source_8wekyb3d8bbwe\bin\javaw.exe (not found)
Check launcher:	C:\Users\karim\AppData\Local\Programs\Microsoft VS Code\bin\javaw.exe (not found)
Check launcher:	C:\Users\karim\AppData\Local\JetBrains\Toolbox\scripts\bin\javaw.exe (not found)
Check launcher:	C:\Users\karim\Documents\ProjetDev\Java\moviesManager\Distrib\%USERPROFILE%\AppData\Local\Microsoft\WindowsApps\bin\javaw.exe (not found)
Check launcher:	C:\Program Files\Java\jre1.8.0_441\bin\javaw.exe (OK)
Version string: 1.008.000_441 / 64-Bit (OK)
Launcher:	C:\Program Files\Java\jre1.8.0_441\bin\javaw.exe
Launcher args:	-jar "C:\Users\karim\Documents\ProjetDev\Java\moviesManager\Distrib\Movies Manager.exe"
Args length:	87/32768 chars
Exit code:	0


Version:	3.50
CmdLine:	C:\Users\karim\Documents\ProjetDev\Java\moviesManager\Distrib\Movies Manager.exe --l4j-debug
JNI:		No
WOW64:		Yes
Working dir:	C:\Users\karim\Documents\ProjetDev\Java\moviesManager\Distrib\.
Requires JDK:	No
Requires 64-Bit: No
Java min ver:	
Java max ver:	
JRE paths:	C:\Program Files\Java\jdk-23\bin\java.exe
Check launcher:	C:\Program Files\Java\jdk-23\bin\java.exe\bin\javaw.exe (not found)
Error msg:	This application requires a Java Runtime Environment.


Version:	3.50
CmdLine:	C:\Users\karim\Documents\ProjetDev\Java\moviesManager\Distrib\Movies Manager.exe --l4j-debug
JNI:		No
WOW64:		Yes
Working dir:	C:\Users\karim\Documents\ProjetDev\Java\moviesManager\Distrib\.
Requires JDK:	Yes
Requires 64-Bit: No
Java min ver:	
Java max ver:	
JRE paths:	C:\Program Files\Java\jdk-23\bin\java.exe
Check launcher:	C:\Program Files\Java\jdk-23\bin\java.exe\bin\javaw.exe (not found)
Error msg:	This application requires a Java Runtime Environment.


Version:	3.50
CmdLine:	C:\Users\karim\Documents\ProjetDev\Java\moviesManager\Distrib\Movies Manager.exe --l4j-debug
JNI:		No
WOW64:		Yes
Working dir:	C:\Users\karim\Documents\ProjetDev\Java\moviesManager\Distrib\.
Requires JDK:	Yes
Requires 64-Bit: No
Java min ver:	1.023.000_001
Java max ver:	
JRE paths:	C:\Program Files\Java\jdk-23\bin\java.exe
Check launcher:	C:\Program Files\Java\jdk-23\bin\java.exe\bin\javaw.exe (not found)
64-bit search:	SOFTWARE\JavaSoft\Java Development Kit...
32-bit search:	SOFTWARE\JavaSoft\Java Development Kit...
64-bit search:	SOFTWARE\JavaSoft\JDK...
Check:		SOFTWARE\JavaSoft\JDK\23.0.1
Version string: 1.023.000_001 / 64-Bit (OK)
Check launcher:	C:\Program Files\Java\jdk-23\bin\javaw.exe (OK)
Check javac:	C:\Program Files\Java\jdk-23\bin\javac.exe (OK)
Match:		1.023.000_001
Runtime used:	1.023.000_001 (64-bit)
Launcher:	C:\Program Files\Java\jdk-23\bin\javaw.exe
Launcher args:	-jar "C:\Users\karim\Documents\ProjetDev\Java\moviesManager\Distrib\Movies Manager.exe"
Args length:	87/32768 chars
Exit code:	0


Version:	3.50
CmdLine:	C:\Users\karim\Documents\ProjetDev\Java\moviesManager\Distrib\Movies Manager.exe --l4j-debug
JNI:		No
WOW64:		Yes
Working dir:	C:\Users\karim\Documents\ProjetDev\Java\moviesManager\Distrib\.
Requires JDK:	No
Requires 64-Bit: No
Java min ver:	
Java max ver:	
JRE paths:	jre\bin\java.exe
Check launcher:	C:\Users\karim\Documents\ProjetDev\Java\moviesManager\Distrib\jre\bin\java.exe\bin\javaw.exe (not found)
Error msg:	This application requires a Java Runtime Environment.


Version:	3.50
CmdLine:	C:\Users\karim\Documents\ProjetDev\Java\moviesManager\Distrib\Movies Manager.exe --l4j-debug
JNI:		No
WOW64:		Yes
Working dir:	C:\Users\karim\Documents\ProjetDev\Java\moviesManager\Distrib\.
Requires JDK:	No
Requires 64-Bit: No
Java min ver:	1.008.000
Java max ver:	
JRE paths:	jre
Check launcher:	C:\Users\karim\Documents\ProjetDev\Java\moviesManager\Distrib\jre\bin\javaw.exe (not found)
64-bit search:	SOFTWARE\JavaSoft\Java Runtime Environment...
Check:		SOFTWARE\JavaSoft\Java Runtime Environment\1.8
Version string: 1.008.000 / 64-Bit (OK)
Check launcher:	C:\Program Files\Java\jre1.8.0_441\bin\javaw.exe (OK)
Match:		1.008.000
Runtime used:	1.008.000 (64-bit)
Launcher:	C:\Program Files\Java\jre1.8.0_441\bin\javaw.exe
Launcher args:	-jar "C:\Users\karim\Documents\ProjetDev\Java\moviesManager\Distrib\Movies Manager.exe"
Args length:	87/32768 chars
Exit code:	0


Version:	3.50
CmdLine:	C:\Users\karim\Documents\ProjetDev\Java\moviesManager\Distrib\Movies Manager.exe --l4j-debug
JNI:		No
WOW64:		Yes
Working dir:	C:\Users\karim\Documents\ProjetDev\Java\moviesManager\Distrib\.
Requires JDK:	Yes
Requires 64-Bit: No
Java min ver:	1.008.000
Java max ver:	
JRE paths:	jre
Check launcher:	C:\Users\karim\Documents\ProjetDev\Java\moviesManager\Distrib\jre\bin\javaw.exe (not found)
64-bit search:	SOFTWARE\JavaSoft\Java Development Kit...
32-bit search:	SOFTWARE\JavaSoft\Java Development Kit...
64-bit search:	SOFTWARE\JavaSoft\JDK...
Check:		SOFTWARE\JavaSoft\JDK\23.0.1
Version string: 1.023.000_001 / 64-Bit (OK)
Check launcher:	C:\Program Files\Java\jdk-23\bin\javaw.exe (OK)
Check javac:	C:\Program Files\Java\jdk-23\bin\javac.exe (OK)
Match:		1.023.000_001
Runtime used:	1.023.000_001 (64-bit)
Launcher:	C:\Program Files\Java\jdk-23\bin\javaw.exe
Launcher args:	-jar "C:\Users\karim\Documents\ProjetDev\Java\moviesManager\Distrib\Movies Manager.exe"
Args length:	87/32768 chars
Exit code:	0


Version:	3.50
CmdLine:	C:\Users\karim\Documents\ProjetDev\Java\moviesManager\Distrib\Movies Manager.exe --l4j-debug
JNI:		No
WOW64:		Yes
Working dir:	C:\Users\karim\Documents\ProjetDev\Java\moviesManager\Distrib\.
Requires JDK:	No
Requires 64-Bit: No
Java min ver:	1.008.000
Java max ver:	
JRE paths:	jre
Check launcher:	C:\Users\karim\Documents\ProjetDev\Java\moviesManager\Distrib\jre\bin\javaw.exe (OK)
Version string: 1.008.000_441 / 64-Bit (OK)
Launcher:	C:\Users\karim\Documents\ProjetDev\Java\moviesManager\Distrib\jre\bin\javaw.exe
Launcher args:	-jar "C:\Users\karim\Documents\ProjetDev\Java\moviesManager\Distrib\Movies Manager.exe"
Args length:	87/32768 chars
Exit code:	0


Version:	3.50
CmdLine:	C:\Users\karim\Documents\ProjetDev\Java\moviesManager\Distrib\Movies Manager.exe --l4j-debug
JNI:		No
WOW64:		Yes
Working dir:	C:\Users\karim\Documents\ProjetDev\Java\moviesManager\Distrib\.
Requires JDK:	No
Requires 64-Bit: No
Java min ver:	1.008.000
Java max ver:	
JRE paths:	jre\bin
Check launcher:	C:\Users\karim\Documents\ProjetDev\Java\moviesManager\Distrib\jre\bin\javaw.exe (OK)
Version string: 1.008.000_441 / 64-Bit (OK)
Launcher:	C:\Users\karim\Documents\ProjetDev\Java\moviesManager\Distrib\jre\bin\javaw.exe
Launcher args:	-jar "C:\Users\karim\Documents\ProjetDev\Java\moviesManager\Distrib\Movies Manager.exe"
Args length:	87/32768 chars
Exit code:	0


Version:	3.50
CmdLine:	C:\Users\karim\Documents\ProjetDev\Java\moviesManager\Distrib\Movies Manager.exe --l4j-debug
JNI:		No
WOW64:		Yes
Working dir:	C:\Users\karim\Documents\ProjetDev\Java\moviesManager\Distrib\.
Requires JDK:	No
Requires 64-Bit: No
Java min ver:	1.008.000
Java max ver:	
JRE paths:	jre\bin\java.exe
Check launcher:	C:\Users\karim\Documents\ProjetDev\Java\moviesManager\Distrib\jre\bin\java.exe\bin\javaw.exe (not found)
64-bit search:	SOFTWARE\JavaSoft\Java Runtime Environment...
Check:		SOFTWARE\JavaSoft\Java Runtime Environment\1.8
Version string: 1.008.000 / 64-Bit (OK)
Check launcher:	C:\Program Files\Java\jre1.8.0_441\bin\javaw.exe (OK)
Match:		1.008.000
Runtime used:	1.008.000 (64-bit)
Launcher:	C:\Program Files\Java\jre1.8.0_441\bin\javaw.exe
Launcher args:	-jar "C:\Users\karim\Documents\ProjetDev\Java\moviesManager\Distrib\Movies Manager.exe"
Args length:	87/32768 chars
Exit code:	0


Version:	3.50
CmdLine:	C:\Users\karim\Documents\ProjetDev\Java\moviesManager\Distrib\Movies Manager.exe --l4j-debug
JNI:		No
WOW64:		Yes
Working dir:	C:\Users\karim\Documents\ProjetDev\Java\moviesManager\Distrib\.
Requires JDK:	Yes
Requires 64-Bit: No
Java min ver:	1.008.000
Java max ver:	
JRE paths:	jre
Check launcher:	C:\Users\karim\Documents\ProjetDev\Java\moviesManager\Distrib\jre\bin\javaw.exe (OK)
Check javac:	C:\Users\karim\Documents\ProjetDev\Java\moviesManager\Distrib\jre\bin\javac.exe (not found)
64-bit search:	SOFTWARE\JavaSoft\Java Development Kit...
32-bit search:	SOFTWARE\JavaSoft\Java Development Kit...
64-bit search:	SOFTWARE\JavaSoft\JDK...
Check:		SOFTWARE\JavaSoft\JDK\23.0.1
Version string: 1.023.000_001 / 64-Bit (OK)
Check launcher:	C:\Program Files\Java\jdk-23\bin\javaw.exe (OK)
Check javac:	C:\Program Files\Java\jdk-23\bin\javac.exe (OK)
Match:		1.023.000_001
Runtime used:	1.023.000_001 (64-bit)
Launcher:	C:\Program Files\Java\jdk-23\bin\javaw.exe
Launcher args:	-jar "C:\Users\karim\Documents\ProjetDev\Java\moviesManager\Distrib\Movies Manager.exe"
Args length:	87/32768 chars
Exit code:	0


Version:	3.50
CmdLine:	C:\Users\karim\Documents\ProjetDev\Java\moviesManager\Distrib\Movies Manager.exe --l4j-debug
JNI:		No
WOW64:		Yes
Working dir:	C:\Users\karim\Documents\ProjetDev\Java\moviesManager\Distrib\.
Requires JDK:	No
Requires 64-Bit: No
Java min ver:	1.008.000
Java max ver:	
JRE paths:	jre
Check launcher:	C:\Users\karim\Documents\ProjetDev\Java\moviesManager\Distrib\jre\bin\javaw.exe (OK)
Version string: 1.008.000_441 / 64-Bit (OK)
Launcher:	C:\Users\karim\Documents\ProjetDev\Java\moviesManager\Distrib\jre\bin\javaw.exe
Launcher args:	-jar "C:\Users\karim\Documents\ProjetDev\Java\moviesManager\Distrib\Movies Manager.exe"
Args length:	87/32768 chars
Exit code:	0


Version:	3.50
CmdLine:	C:\Users\karim\Documents\ProjetDev\Java\moviesManager\Distrib\Movies Manager.exe --l4j-debug
JNI:		No
WOW64:		Yes
Working dir:	C:\Users\karim\Documents\ProjetDev\Java\moviesManager\Distrib\.
Requires JDK:	No
Requires 64-Bit: No
Java min ver:	1.008.000
Java max ver:	
JRE paths:	jre
Check launcher:	C:\Users\karim\Documents\ProjetDev\Java\moviesManager\Distrib\jre\bin\javaw.exe (OK)
Version string: 1.008.000_441 / 64-Bit (OK)
Launcher:	C:\Users\karim\Documents\ProjetDev\Java\moviesManager\Distrib\jre\bin\javaw.exe
Launcher args:	-jar "C:\Users\karim\Documents\ProjetDev\Java\moviesManager\Distrib\Movies Manager.exe"
Args length:	87/32768 chars
Exit code:	0


Version:	3.50
CmdLine:	C:\Users\karim\Documents\ProjetDev\Java\moviesManager\Distrib\Movies Manager.exe --l4j-debug
JNI:		No
WOW64:		Yes
Working dir:	C:\Users\karim\Documents\ProjetDev\Java\moviesManager\Distrib\.
Requires JDK:	No
Requires 64-Bit: No
Java min ver:	1.008.000
Java max ver:	
JRE paths:	jre\bin\java.exe
Check launcher:	C:\Users\karim\Documents\ProjetDev\Java\moviesManager\Distrib\jre\bin\java.exe\bin\javaw.exe (not found)
64-bit search:	SOFTWARE\JavaSoft\Java Runtime Environment...
Check:		SOFTWARE\JavaSoft\Java Runtime Environment\1.8
Version string: 1.008.000 / 64-Bit (OK)
Check launcher:	C:\Program Files\Java\jre1.8.0_441\bin\javaw.exe (OK)
Match:		1.008.000
Runtime used:	1.008.000 (64-bit)
Launcher:	C:\Program Files\Java\jre1.8.0_441\bin\javaw.exe
Launcher args:	-jar "C:\Users\karim\Documents\ProjetDev\Java\moviesManager\Distrib\Movies Manager.exe"
Args length:	87/32768 chars
Exit code:	0


Version:	3.50
CmdLine:	C:\Users\karim\Documents\ProjetDev\Java\moviesManager\Distrib\Movies Manager.exe --l4j-debug
JNI:		No
WOW64:		Yes
Working dir:	C:\Users\karim\Documents\ProjetDev\Java\moviesManager\Distrib\.
Requires JDK:	No
Requires 64-Bit: No
Java min ver:	1.008.000
Java max ver:	
JRE paths:	jre\bin\java.exe
Check launcher:	C:\Users\karim\Documents\ProjetDev\Java\moviesManager\Distrib\jre\bin\java.exe\bin\javaw.exe (not found)
64-bit search:	SOFTWARE\JavaSoft\Java Runtime Environment...
Check:		SOFTWARE\JavaSoft\Java Runtime Environment\1.8
Version string: 1.008.000 / 64-Bit (OK)
Check launcher:	C:\Program Files\Java\jre1.8.0_441\bin\javaw.exe (OK)
Match:		1.008.000
Runtime used:	1.008.000 (64-bit)
Launcher:	C:\Program Files\Java\jre1.8.0_441\bin\javaw.exe
Launcher args:	-jar "C:\Users\karim\Documents\ProjetDev\Java\moviesManager\Distrib\Movies Manager.exe"
Args length:	87/32768 chars
Exit code:	0


Version:	3.50
CmdLine:	C:\Users\karim\Documents\ProjetDev\Java\moviesManager\Distrib\Movies Manager.exe --l4j-debug
JNI:		No
WOW64:		Yes
Working dir:	C:\Users\karim\Documents\ProjetDev\Java\moviesManager\Distrib\.
Requires JDK:	Yes
Requires 64-Bit: No
Java min ver:	1.008.000
Java max ver:	
JRE paths:	jre\bin\java.exe
Check launcher:	C:\Users\karim\Documents\ProjetDev\Java\moviesManager\Distrib\jre\bin\java.exe\bin\javaw.exe (not found)
64-bit search:	SOFTWARE\JavaSoft\Java Development Kit...
32-bit search:	SOFTWARE\JavaSoft\Java Development Kit...
64-bit search:	SOFTWARE\JavaSoft\JDK...
Check:		SOFTWARE\JavaSoft\JDK\23.0.1
Version string: 1.023.000_001 / 64-Bit (OK)
Check launcher:	C:\Program Files\Java\jdk-23\bin\javaw.exe (OK)
Check javac:	C:\Program Files\Java\jdk-23\bin\javac.exe (OK)
Match:		1.023.000_001
Runtime used:	1.023.000_001 (64-bit)
Launcher:	C:\Program Files\Java\jdk-23\bin\javaw.exe
Launcher args:	-jar "C:\Users\karim\Documents\ProjetDev\Java\moviesManager\Distrib\Movies Manager.exe"
Args length:	87/32768 chars
Exit code:	0


Version:	3.50
CmdLine:	C:\Users\karim\Documents\ProjetDev\Java\moviesManager\Distrib\Movies Manager.exe --l4j-debug
JNI:		No
WOW64:		Yes
Working dir:	C:\Users\karim\Documents\ProjetDev\Java\moviesManager\Distrib\.
Requires JDK:	Yes
Requires 64-Bit: No
Java min ver:	1.008.000
Java max ver:	
JRE paths:	.\jdk\
Check launcher:	C:\Users\karim\Documents\ProjetDev\Java\moviesManager\Distrib\.\jdk\bin\javaw.exe (OK)
Check javac:	C:\Users\karim\Documents\ProjetDev\Java\moviesManager\Distrib\.\jdk\bin\javac.exe (OK)
Version string: 1.023.000_001 / 64-Bit (OK)
Launcher:	C:\Users\karim\Documents\ProjetDev\Java\moviesManager\Distrib\.\jdk\bin\javaw.exe
Launcher args:	-jar "C:\Users\karim\Documents\ProjetDev\Java\moviesManager\Distrib\Movies Manager.exe"
Args length:	87/32768 chars
Exit code:	0


Version:	3.50
CmdLine:	C:\Users\karim\Documents\ProjetDev\Java\moviesManager\Distrib\Movies Manager.exe --l4j-debug
JNI:		No
WOW64:		Yes
Working dir:	C:\Users\karim\Documents\ProjetDev\Java\moviesManager\Distrib\.
Requires JDK:	No
Requires 64-Bit: No
Java min ver:	1.008.000
Java max ver:	
JRE paths:	.\jdk\
Check launcher:	C:\Users\karim\Documents\ProjetDev\Java\moviesManager\Distrib\.\jdk\bin\javaw.exe (OK)
Version string: 1.023.000_001 / 64-Bit (OK)
Launcher:	C:\Users\karim\Documents\ProjetDev\Java\moviesManager\Distrib\.\jdk\bin\javaw.exe
Launcher args:	-jar "C:\Users\karim\Documents\ProjetDev\Java\moviesManager\Distrib\Movies Manager.exe"
Args length:	87/32768 chars
Exit code:	0


Version:	3.50
CmdLine:	C:\Users\karim\Documents\ProjetDev\Java\moviesManager\Distrib\Movies Manager.exe --l4j-debug
JNI:		No
WOW64:		Yes
Working dir:	C:\Users\karim\Documents\ProjetDev\Java\moviesManager\Distrib\.
Requires JDK:	No
Requires 64-Bit: No
Java min ver:	1.008.000
Java max ver:	
JRE paths:	.\jdk\
Check launcher:	C:\Users\karim\Documents\ProjetDev\Java\moviesManager\Distrib\.\jdk\bin\javaw.exe (OK)
Version string: 1.023.000_001 / 64-Bit (OK)
Launcher:	C:\Users\karim\Documents\ProjetDev\Java\moviesManager\Distrib\.\jdk\bin\javaw.exe
Launcher args:	-jar "C:\Users\karim\Documents\ProjetDev\Java\moviesManager\Distrib\Movies Manager.exe"
Args length:	87/32768 chars
Exit code:	0


Version:	3.50
CmdLine:	C:\Users\karim\Documents\ProjetDev\Java\moviesManager\Distrib\Movies Manager.exe --l4j-debug
JNI:		No
WOW64:		Yes
Working dir:	C:\Users\karim\Documents\ProjetDev\Java\moviesManager\Distrib\.
Requires JDK:	No
Requires 64-Bit: No
Java min ver:	1.023.000
Java max ver:	
JRE paths:	.\jdk\
Check launcher:	C:\Users\karim\Documents\ProjetDev\Java\moviesManager\Distrib\.\jdk\bin\javaw.exe (OK)
Version string: 1.023.000_001 / 64-Bit (OK)
Launcher:	C:\Users\karim\Documents\ProjetDev\Java\moviesManager\Distrib\.\jdk\bin\javaw.exe
Launcher args:	-jar "C:\Users\karim\Documents\ProjetDev\Java\moviesManager\Distrib\Movies Manager.exe"
Args length:	87/32768 chars
Exit code:	0


Version:	3.50
CmdLine:	C:\Users\karim\Documents\ProjetDev\Java\moviesManager\Distrib\Movies Manager.exe --l4j-debug
JNI:		No
WOW64:		Yes
Working dir:	C:\Users\karim\Documents\ProjetDev\Java\moviesManager\Distrib\.
Requires JDK:	No
Requires 64-Bit: No
Java min ver:	
Java max ver:	
JRE paths:	.\jdk\
Check launcher:	C:\Users\karim\Documents\ProjetDev\Java\moviesManager\Distrib\.\jdk\bin\javaw.exe (OK)
Version string: 1.023.000_001 / 64-Bit (OK)
Launcher:	C:\Users\karim\Documents\ProjetDev\Java\moviesManager\Distrib\.\jdk\bin\javaw.exe
Launcher args:	-jar "C:\Users\karim\Documents\ProjetDev\Java\moviesManager\Distrib\Movies Manager.exe"
Args length:	87/32768 chars
Exit code:	0
